# JRE version: OpenJDK Runtime Environment Zulu21.36+17-CA (21.0.4+7) (build 21.0.4+7-LTS)
# Java VM: OpenJDK 64-Bit Server VM Zulu21.36+17-CA (21.0.4+7-LTS, mixed mode, sharing, tiered, compressed oops, compressed class ptrs, g1 gc, windows-amd64)
GC Precious Log:
 CardTable entry size: 512
 Card Set container configuration: InlinePtr #cards 4 size 8 Array Of Cards #cards 16 size 48 Howl #buckets 8 coarsen threshold 3686 Howl Bitmap #cards 512 size 80 coarsen threshold 460 Card regions per heap region 1 cards per card region 4096
 CPUs: 12 total, 12 available
 Memory: 16052M
 Large Page Support: Disabled
 NUMA Support: Disabled
 Compressed Oops: Enabled (Zero based)
 Heap Region Size: 2M
 Heap Min Capacity: 8M
 Heap Initial Capacity: 252M
 Heap Max Capacity: 4014M
 Pre-touch: Disabled
 Parallel Workers: 10
 Concurrent Workers: 3
 Concurrent Refinement Workers: 10
 Periodic GC: Disabled
Heap:
 garbage-first heap   total 83968K, used 70560K [0x0000000705200000, 0x0000000800000000)
  region size 2048K, 14 young (28672K), 1 survivors (2048K)
 Metaspace       used 100419K, committed 101440K, reserved 1179648K
  class space    used 13050K, committed 13568K, reserved 1048576K
GC Heap History (20 events):
Event: 9.349 GC heap before
{Heap before GC invocations=21 (full 0):
 garbage-first heap   total 65536K, used 50201K [0x0000000705200000, 0x0000000800000000)
  region size 2048K, 8 young (16384K), 2 survivors (4096K)
 Metaspace       used 84387K, committed 85120K, reserved 1179648K
  class space    used 11286K, committed 11648K, reserved 1048576K
}
Event: 9.352 GC heap after
{Heap after GC invocations=22 (full 0):
 garbage-first heap   total 65536K, used 39718K [0x0000000705200000, 0x0000000800000000)
  region size 2048K, 1 young (2048K), 1 survivors (2048K)
 Metaspace       used 84387K, committed 85120K, reserved 1179648K
  class space    used 11286K, committed 11648K, reserved 1048576K
}
Event: 9.857 GC heap before
{Heap before GC invocations=22 (full 0):
 garbage-first heap   total 65536K, used 56102K [0x0000000705200000, 0x0000000800000000)
  region size 2048K, 9 young (18432K), 1 survivors (2048K)
 Metaspace       used 86552K, committed 87360K, reserved 1179648K
  class space    used 11619K, committed 11968K, reserved 1048576K
}
Event: 9.861 GC heap after
{Heap after GC invocations=23 (full 0):
 garbage-first heap   total 65536K, used 41412K [0x0000000705200000, 0x0000000800000000)
  region size 2048K, 2 young (4096K), 2 survivors (4096K)
 Metaspace       used 86552K, committed 87360K, reserved 1179648K
  class space    used 11619K, committed 11968K, reserved 1048576K
}
Event: 10.123 GC heap before
{Heap before GC invocations=24 (full 0):
 garbage-first heap   total 71680K, used 53700K [0x0000000705200000, 0x0000000800000000)
  region size 2048K, 8 young (16384K), 2 survivors (4096K)
 Metaspace       used 87278K, committed 88064K, reserved 1179648K
  class space    used 11732K, committed 12096K, reserved 1048576K
}
Event: 10.126 GC heap after
{Heap after GC invocations=25 (full 0):
 garbage-first heap   total 71680K, used 42270K [0x0000000705200000, 0x0000000800000000)
  region size 2048K, 1 young (2048K), 1 survivors (2048K)
 Metaspace       used 87278K, committed 88064K, reserved 1179648K
  class space    used 11732K, committed 12096K, reserved 1048576K
}
Event: 10.560 GC heap before
{Heap before GC invocations=25 (full 0):
 garbage-first heap   total 71680K, used 58654K [0x0000000705200000, 0x0000000800000000)
  region size 2048K, 10 young (20480K), 1 survivors (2048K)
 Metaspace       used 90102K, committed 90880K, reserved 1179648K
  class space    used 12127K, committed 12480K, reserved 1048576K
}
Event: 10.563 GC heap after
{Heap after GC invocations=26 (full 0):
 garbage-first heap   total 71680K, used 44490K [0x0000000705200000, 0x0000000800000000)
  region size 2048K, 2 young (4096K), 2 survivors (4096K)
 Metaspace       used 90102K, committed 90880K, reserved 1179648K
  class space    used 12127K, committed 12480K, reserved 1048576K
}
Event: 812.392 GC heap before
{Heap before GC invocations=26 (full 0):
 garbage-first heap   total 71680K, used 60874K [0x0000000705200000, 0x0000000800000000)
  region size 2048K, 10 young (20480K), 2 survivors (4096K)
 Metaspace       used 93975K, committed 94784K, reserved 1179648K
  class space    used 12566K, committed 12928K, reserved 1048576K
}
Event: 812.409 GC heap after
{Heap after GC invocations=27 (full 0):
 garbage-first heap   total 71680K, used 46200K [0x0000000705200000, 0x0000000800000000)
  region size 2048K, 1 young (2048K), 1 survivors (2048K)
 Metaspace       used 93975K, committed 94784K, reserved 1179648K
  class space    used 12566K, committed 12928K, reserved 1048576K
}
Event: 1031.646 GC heap before
{Heap before GC invocations=28 (full 0):
 garbage-first heap   total 79872K, used 60536K [0x0000000705200000, 0x0000000800000000)
  region size 2048K, 9 young (18432K), 1 survivors (2048K)
 Metaspace       used 98466K, committed 99328K, reserved 1179648K
  class space    used 13167K, committed 13568K, reserved 1048576K
}
Event: 1031.649 GC heap after
{Heap after GC invocations=29 (full 0):
 garbage-first heap   total 79872K, used 46818K [0x0000000705200000, 0x0000000800000000)
  region size 2048K, 2 young (4096K), 2 survivors (4096K)
 Metaspace       used 98466K, committed 99328K, reserved 1179648K
  class space    used 13167K, committed 13568K, reserved 1048576K
}
Event: 4664.634 GC heap before
{Heap before GC invocations=29 (full 0):
 garbage-first heap   total 79872K, used 67298K [0x0000000705200000, 0x0000000800000000)
  region size 2048K, 12 young (24576K), 2 survivors (4096K)
 Metaspace       used 99392K, committed 100288K, reserved 1179648K
  class space    used 13174K, committed 13568K, reserved 1048576K
}
Event: 4664.669 GC heap after
{Heap after GC invocations=30 (full 0):
 garbage-first heap   total 79872K, used 47662K [0x0000000705200000, 0x0000000800000000)
  region size 2048K, 2 young (4096K), 2 survivors (4096K)
 Metaspace       used 99392K, committed 100288K, reserved 1179648K
  class space    used 13174K, committed 13568K, reserved 1048576K
}
Event: 7877.411 GC heap before
{Heap before GC invocations=30 (full 0):
 garbage-first heap   total 79872K, used 66094K [0x0000000705200000, 0x0000000800000000)
  region size 2048K, 11 young (22528K), 2 survivors (4096K)
 Metaspace       used 99912K, committed 100800K, reserved 1179648K
  class space    used 13175K, committed 13568K, reserved 1048576K
}
Event: 7877.439 GC heap after
{Heap after GC invocations=31 (full 0):
 garbage-first heap   total 79872K, used 48152K [0x0000000705200000, 0x0000000800000000)
  region size 2048K, 1 young (2048K), 1 survivors (2048K)
 Metaspace       used 99912K, committed 100800K, reserved 1179648K
  class space    used 13175K, committed 13568K, reserved 1048576K
}
Event: 40769.792 GC heap before
{Heap before GC invocations=32 (full 0):
 garbage-first heap   total 81920K, used 72728K [0x0000000705200000, 0x0000000800000000)
  region size 2048K, 13 young (26624K), 1 survivors (2048K)
 Metaspace       used 99893K, committed 100992K, reserved 1179648K
  class space    used 13042K, committed 13568K, reserved 1048576K
}
Event: 40769.891 GC heap after
{Heap after GC invocations=33 (full 0):
 garbage-first heap   total 81920K, used 48422K [0x0000000705200000, 0x0000000800000000)
  region size 2048K, 1 young (2048K), 1 survivors (2048K)
 Metaspace       used 99893K, committed 100992K, reserved 1179648K
  class space    used 13042K, committed 13568K, reserved 1048576K
}
Event: 57109.637 GC heap before
{Heap before GC invocations=33 (full 0):
 garbage-first heap   total 81920K, used 72998K [0x0000000705200000, 0x0000000800000000)
  region size 2048K, 14 young (28672K), 1 survivors (2048K)
 Metaspace       used 100153K, committed 101184K, reserved 1179648K
  class space    used 13046K, committed 13568K, reserved 1048576K
}
Event: 57109.670 GC heap after
{Heap after GC invocations=34 (full 0):
 garbage-first heap   total 83968K, used 45984K [0x0000000705200000, 0x0000000800000000)
  region size 2048K, 1 young (2048K), 1 survivors (2048K)
 Metaspace       used 100153K, committed 101184K, reserved 1179648K
  class space    used 13046K, committed 13568K, reserved 1048576K
}

