# JRE version: OpenJDK Runtime Environment Zulu21.36+17-CA (21.0.4+7) (build 21.0.4+7-LTS)
# Java VM: OpenJDK 64-Bit Server VM Zulu21.36+17-CA (21.0.4+7-LTS, mixed mode, sharing, tiered, compressed oops, compressed class ptrs, g1 gc, windows-amd64)
GC Precious Log:
 CardTable entry size: 512
 Card Set container configuration: InlinePtr #cards 4 size 8 Array Of Cards #cards 16 size 48 Howl #buckets 8 coarsen threshold 3686 Howl Bitmap #cards 512 size 80 coarsen threshold 460 Card regions per heap region 1 cards per card region 4096
 CPUs: 12 total, 12 available
 Memory: 16052M
 Large Page Support: Disabled
 NUMA Support: Disabled
 Compressed Oops: Enabled (Zero based)
 Heap Region Size: 2M
 Heap Min Capacity: 8M
 Heap Initial Capacity: 252M
 Heap Max Capacity: 4014M
 Pre-touch: Disabled
 Parallel Workers: 10
 Concurrent Workers: 3
 Concurrent Refinement Workers: 10
 Periodic GC: Disabled
Heap:
 garbage-first heap   total 159744K, used 105580K [0x0000000705200000, 0x0000000800000000)
  region size 2048K, 11 young (22528K), 3 survivors (6144K)
 Metaspace       used 57091K, committed 57856K, reserved 1114112K
  class space    used 7462K, committed 7808K, reserved 1048576K
GC Heap History (20 events):
Event: 0.469 GC heap before
{Heap before GC invocations=0 (full 0):
 garbage-first heap   total 258048K, used 20480K [0x0000000705200000, 0x0000000800000000)
  region size 2048K, 11 young (22528K), 0 survivors (0K)
 Metaspace       used 5028K, committed 5184K, reserved 1114112K
  class space    used 538K, committed 640K, reserved 1048576K
}
Event: 0.473 GC heap after
{Heap after GC invocations=1 (full 0):
 garbage-first heap   total 258048K, used 7372K [0x0000000705200000, 0x0000000800000000)
  region size 2048K, 2 young (4096K), 2 survivors (4096K)
 Metaspace       used 5028K, committed 5184K, reserved 1114112K
  class space    used 538K, committed 640K, reserved 1048576K
}
Event: 0.943 GC heap before
{Heap before GC invocations=1 (full 0):
 garbage-first heap   total 258048K, used 33996K [0x0000000705200000, 0x0000000800000000)
  region size 2048K, 15 young (30720K), 2 survivors (4096K)
 Metaspace       used 12414K, committed 12736K, reserved 1114112K
  class space    used 1470K, committed 1600K, reserved 1048576K
}
Event: 0.947 GC heap after
{Heap after GC invocations=2 (full 0):
 garbage-first heap   total 258048K, used 9537K [0x0000000705200000, 0x0000000800000000)
  region size 2048K, 1 young (2048K), 1 survivors (2048K)
 Metaspace       used 12414K, committed 12736K, reserved 1114112K
  class space    used 1470K, committed 1600K, reserved 1048576K
}
Event: 1.705 GC heap before
{Heap before GC invocations=2 (full 0):
 garbage-first heap   total 258048K, used 58689K [0x0000000705200000, 0x0000000800000000)
  region size 2048K, 27 young (55296K), 1 survivors (2048K)
 Metaspace       used 21210K, committed 21504K, reserved 1114112K
  class space    used 2596K, committed 2752K, reserved 1048576K
}
Event: 1.709 GC heap after
{Heap after GC invocations=3 (full 0):
 garbage-first heap   total 258048K, used 13262K [0x0000000705200000, 0x0000000800000000)
  region size 2048K, 3 young (6144K), 3 survivors (6144K)
 Metaspace       used 21210K, committed 21504K, reserved 1114112K
  class space    used 2596K, committed 2752K, reserved 1048576K
}
Event: 2.685 GC heap before
{Heap before GC invocations=4 (full 0):
 garbage-first heap   total 49152K, used 48078K [0x0000000705200000, 0x0000000800000000)
  region size 2048K, 20 young (40960K), 3 survivors (6144K)
 Metaspace       used 27968K, committed 28416K, reserved 1114112K
  class space    used 3506K, committed 3712K, reserved 1048576K
}
Event: 2.692 GC heap after
{Heap after GC invocations=5 (full 0):
 garbage-first heap   total 59392K, used 16589K [0x0000000705200000, 0x0000000800000000)
  region size 2048K, 5 young (10240K), 5 survivors (10240K)
 Metaspace       used 27968K, committed 28416K, reserved 1114112K
  class space    used 3506K, committed 3712K, reserved 1048576K
}
Event: 3.079 GC heap before
{Heap before GC invocations=5 (full 0):
 garbage-first heap   total 59392K, used 41165K [0x0000000705200000, 0x0000000800000000)
  region size 2048K, 17 young (34816K), 5 survivors (10240K)
 Metaspace       used 32778K, committed 33280K, reserved 1114112K
  class space    used 4255K, committed 4480K, reserved 1048576K
}
Event: 3.087 GC heap after
{Heap after GC invocations=6 (full 0):
 garbage-first heap   total 59392K, used 19456K [0x0000000705200000, 0x0000000800000000)
  region size 2048K, 2 young (4096K), 2 survivors (4096K)
 Metaspace       used 32778K, committed 33280K, reserved 1114112K
  class space    used 4255K, committed 4480K, reserved 1048576K
}
Event: 3.279 GC heap before
{Heap before GC invocations=6 (full 0):
 garbage-first heap   total 59392K, used 29696K [0x0000000705200000, 0x0000000800000000)
  region size 2048K, 8 young (16384K), 2 survivors (4096K)
 Metaspace       used 35495K, committed 35968K, reserved 1114112K
  class space    used 4638K, committed 4864K, reserved 1048576K
}
Event: 3.284 GC heap after
{Heap after GC invocations=7 (full 0):
 garbage-first heap   total 59392K, used 19891K [0x0000000705200000, 0x0000000800000000)
  region size 2048K, 1 young (2048K), 1 survivors (2048K)
 Metaspace       used 35495K, committed 35968K, reserved 1114112K
  class space    used 4638K, committed 4864K, reserved 1048576K
}
Event: 3.621 GC heap before
{Heap before GC invocations=8 (full 0):
 garbage-first heap   total 59392K, used 46515K [0x0000000705200000, 0x0000000800000000)
  region size 2048K, 14 young (28672K), 1 survivors (2048K)
 Metaspace       used 41629K, committed 42240K, reserved 1114112K
  class space    used 5474K, committed 5760K, reserved 1048576K
}
Event: 3.627 GC heap after
{Heap after GC invocations=9 (full 0):
 garbage-first heap   total 59392K, used 22528K [0x0000000705200000, 0x0000000800000000)
  region size 2048K, 2 young (4096K), 2 survivors (4096K)
 Metaspace       used 41629K, committed 42240K, reserved 1114112K
  class space    used 5474K, committed 5760K, reserved 1048576K
}
Event: 3.930 GC heap before
{Heap before GC invocations=9 (full 0):
 garbage-first heap   total 59392K, used 47104K [0x0000000705200000, 0x0000000800000000)
  region size 2048K, 15 young (30720K), 2 survivors (4096K)
 Metaspace       used 48054K, committed 48640K, reserved 1114112K
  class space    used 6241K, committed 6528K, reserved 1048576K
}
Event: 3.939 GC heap after
{Heap after GC invocations=10 (full 0):
 garbage-first heap   total 159744K, used 25663K [0x0000000705200000, 0x0000000800000000)
  region size 2048K, 2 young (4096K), 2 survivors (4096K)
 Metaspace       used 48054K, committed 48640K, reserved 1114112K
  class space    used 6241K, committed 6528K, reserved 1048576K
}
Event: 4.374 GC heap before
{Heap before GC invocations=10 (full 0):
 garbage-first heap   total 159744K, used 101439K [0x0000000705200000, 0x0000000800000000)
  region size 2048K, 17 young (34816K), 2 survivors (4096K)
 Metaspace       used 53404K, committed 54080K, reserved 1114112K
  class space    used 7000K, committed 7296K, reserved 1048576K
}
Event: 4.381 GC heap after
{Heap after GC invocations=11 (full 0):
 garbage-first heap   total 159744K, used 78717K [0x0000000705200000, 0x0000000800000000)
  region size 2048K, 4 young (8192K), 4 survivors (8192K)
 Metaspace       used 53404K, committed 54080K, reserved 1114112K
  class space    used 7000K, committed 7296K, reserved 1048576K
}
Event: 4.408 GC heap before
{Heap before GC invocations=11 (full 0):
 garbage-first heap   total 159744K, used 86909K [0x0000000705200000, 0x0000000800000000)
  region size 2048K, 6 young (12288K), 4 survivors (8192K)
 Metaspace       used 53624K, committed 54272K, reserved 1114112K
  class space    used 7026K, committed 7296K, reserved 1048576K
}
Event: 4.412 GC heap after
{Heap after GC invocations=12 (full 0):
 garbage-first heap   total 159744K, used 85100K [0x0000000705200000, 0x0000000800000000)
  region size 2048K, 3 young (6144K), 3 survivors (6144K)
 Metaspace       used 53624K, committed 54272K, reserved 1114112K
  class space    used 7026K, committed 7296K, reserved 1048576K
}

